Device.ManagementServer.ManageableDevice.1
Device.Ethernet.Interface.1
Device.Ethernet.Link.1
Device.MoCA.Interface.1
Device.MoCA.Interface.1.QoS.FlowStats.1
Device.WiFi.Radio.1
Device.WiFi.Radio.2
Device.WiFi.SSID.1
Device.WiFi.SSID.2
Device.WiFi.SSID.3
Device.WiFi.SSID.4
Device.WiFi.SSID.5
Device.WiFi.SSID.6
Device.WiFi.SSID.7
Device.WiFi.SSID.8
Device.WiFi.AccessPoint.1
Device.WiFi.AccessPoint.1.AssociatedDevice.1
Device.WiFi.AccessPoint.1.AssociatedDevice.2
Device.WiFi.AccessPoint.1.AssociatedDevice.3
Device.WiFi.AccessPoint.1.AssociatedDevice.4
Device.WiFi.AccessPoint.1.AssociatedDevice.5
Device.WiFi.AccessPoint.1.AssociatedDevice.6
Device.WiFi.AccessPoint.1.AssociatedDevice.7
Device.WiFi.AccessPoint.1.AssociatedDevice.8
Device.WiFi.AccessPoint.2
Device.WiFi.AccessPoint.2.AssociatedDevice.1
Device.WiFi.AccessPoint.2.AssociatedDevice.2
Device.WiFi.AccessPoint.2.AssociatedDevice.3
Device.WiFi.AccessPoint.2.AssociatedDevice.4
Device.WiFi.AccessPoint.2.AssociatedDevice.5
Device.WiFi.AccessPoint.2.AssociatedDevice.6
Device.WiFi.AccessPoint.2.AssociatedDevice.7
Device.WiFi.AccessPoint.2.AssociatedDevice.8
Device.WiFi.AccessPoint.3
Device.WiFi.AccessPoint.3.AssociatedDevice.1
Device.WiFi.AccessPoint.3.AssociatedDevice.2
Device.WiFi.AccessPoint.3.AssociatedDevice.3
Device.WiFi.AccessPoint.3.AssociatedDevice.4
Device.WiFi.AccessPoint.3.AssociatedDevice.5
Device.WiFi.AccessPoint.3.AssociatedDevice.6
Device.WiFi.AccessPoint.3.AssociatedDevice.7
Device.WiFi.AccessPoint.3.AssociatedDevice.8
Device.WiFi.AccessPoint.4
Device.WiFi.AccessPoint.4.AssociatedDevice.1
Device.WiFi.AccessPoint.4.AssociatedDevice.2
Device.WiFi.AccessPoint.4.AssociatedDevice.3
Device.WiFi.AccessPoint.4.AssociatedDevice.4
Device.WiFi.AccessPoint.4.AssociatedDevice.5
Device.WiFi.AccessPoint.4.AssociatedDevice.6
Device.WiFi.AccessPoint.4.AssociatedDevice.7
Device.WiFi.AccessPoint.4.AssociatedDevice.8
Device.WiFi.AccessPoint.5
Device.WiFi.AccessPoint.5.AssociatedDevice.1
Device.WiFi.AccessPoint.5.AssociatedDevice.2
Device.WiFi.AccessPoint.5.AssociatedDevice.3
Device.WiFi.AccessPoint.5.AssociatedDevice.4
Device.WiFi.AccessPoint.5.AssociatedDevice.5
Device.WiFi.AccessPoint.5.AssociatedDevice.6
Device.WiFi.AccessPoint.5.AssociatedDevice.7
Device.WiFi.AccessPoint.5.AssociatedDevice.8
Device.WiFi.AccessPoint.6
Device.WiFi.AccessPoint.6.AssociatedDevice.1
Device.WiFi.AccessPoint.6.AssociatedDevice.2
Device.WiFi.AccessPoint.6.AssociatedDevice.3
Device.WiFi.AccessPoint.6.AssociatedDevice.4
Device.WiFi.AccessPoint.6.AssociatedDevice.5
Device.WiFi.AccessPoint.6.AssociatedDevice.6
Device.WiFi.AccessPoint.6.AssociatedDevice.7
Device.WiFi.AccessPoint.6.AssociatedDevice.8
Device.WiFi.AccessPoint.7
Device.WiFi.AccessPoint.7.AssociatedDevice.1
Device.WiFi.AccessPoint.7.AssociatedDevice.2
Device.WiFi.AccessPoint.7.AssociatedDevice.3
Device.WiFi.AccessPoint.7.AssociatedDevice.4
Device.WiFi.AccessPoint.7.AssociatedDevice.5
Device.WiFi.AccessPoint.7.AssociatedDevice.6
Device.WiFi.AccessPoint.7.AssociatedDevice.7
Device.WiFi.AccessPoint.7.AssociatedDevice.8
Device.WiFi.AccessPoint.8
Device.WiFi.AccessPoint.8.AssociatedDevice.1
Device.WiFi.AccessPoint.8.AssociatedDevice.2
Device.WiFi.AccessPoint.8.AssociatedDevice.3
Device.WiFi.AccessPoint.8.AssociatedDevice.4
Device.WiFi.AccessPoint.8.AssociatedDevice.5
Device.WiFi.AccessPoint.8.AssociatedDevice.6
Device.WiFi.AccessPoint.8.AssociatedDevice.7
Device.WiFi.AccessPoint.8.AssociatedDevice.8
Device.Bridging.Bridge.1
Device.Bridging.Bridge.1.Port.1
Device.Bridging.Bridge.1.Port.2
Device.Bridging.Bridge.1.Port.3
Device.Bridging.Bridge.1.Port.4
Device.Bridging.Bridge.2
Device.Bridging.Bridge.2.Port.1
Device.Bridging.Bridge.2.Port.2
Device.Bridging.Bridge.2.Port.3
Device.Bridging.Bridge.2.Port.4
Device.Bridging.Bridge.2.VLAN.1
Device.Bridging.Bridge.2.VLANPort.1
Device.Bridging.Bridge.2.VLANPort.2
Device.Bridging.Bridge.2.VLANPort.3
Device.IP.Interface.1
Device.IP.Interface.1.IPv4Address.1
Device.DHCPv4.Client.1
Device.Users.User.1
Device.Users.User.2
Device.Users.User.3
